d:\document\项目---测试项目\inducedpolarization\debug\project.pb.pb.obj
d:\document\项目---测试项目\inducedpolarization\debug\detectdata.obj
d:\document\项目---测试项目\inducedpolarization\debug\detectdatadraw.obj
d:\document\项目---测试项目\inducedpolarization\debug\shaderprogram.obj
d:\document\项目---测试项目\inducedpolarization\debug\drawaxis.obj
d:\document\项目---测试项目\inducedpolarization\debug\pickhandler.obj
d:\document\项目---测试项目\inducedpolarization\debug\viewwidget2d.obj
d:\document\项目---测试项目\inducedpolarization\debug\moc_pickhandler.obj
d:\document\项目---测试项目\inducedpolarization\debug\moc_walkmanipulator.obj
d:\document\项目---测试项目\inducedpolarization\debug\globalparam.obj
d:\document\项目---测试项目\inducedpolarization\debug\imageanalysis.obj
d:\document\项目---测试项目\inducedpolarization\debug\detectobserver.obj
d:\document\项目---测试项目\inducedpolarization\debug\tunneldraw.obj
d:\document\项目---测试项目\inducedpolarization\debug\timer.obj
d:\document\项目---测试项目\inducedpolarization\debug\qrc_inducedpolarization.obj
d:\document\项目---测试项目\inducedpolarization\debug\moc_globalparam.obj
d:\document\项目---测试项目\inducedpolarization\debug\moc_detectobserver.obj
d:\document\项目---测试项目\inducedpolarization\debug\moc_viewerwidget2d.obj
d:\document\项目---测试项目\inducedpolarization\debug\datapreprocess.obj
d:\document\项目---测试项目\inducedpolarization\debug\shading.obj
d:\document\项目---测试项目\inducedpolarization\debug\guieventhandler.obj
d:\document\项目---测试项目\inducedpolarization\debug\scenetool.obj
d:\document\项目---测试项目\inducedpolarization\debug\viewwidget3d.obj
d:\document\项目---测试项目\inducedpolarization\debug\moc_guieventhandler.obj
d:\document\项目---测试项目\inducedpolarization\debug\moc_viewerwidget3d.obj
d:\document\项目---测试项目\inducedpolarization\debug\modelingsubdivision.obj
d:\document\项目---测试项目\inducedpolarization\debug\detectdatairresurface.obj
d:\document\项目---测试项目\inducedpolarization\debug\light.obj
d:\document\项目---测试项目\inducedpolarization\debug\drawfunc.obj
d:\document\项目---测试项目\inducedpolarization\debug\walkmanipulator.obj
d:\document\项目---测试项目\inducedpolarization\debug\moc_datapreprocess.obj
d:\document\项目---测试项目\inducedpolarization\debug\moc_modelingsubdivision.obj
d:\document\项目---测试项目\inducedpolarization\debug\inducedpolarization.obj
d:\document\项目---测试项目\inducedpolarization\debug\moc_inducedpolarization.obj
d:\document\项目---测试项目\inducedpolarization\debug\main.obj
d:\document\项目---测试项目\inducedpolarization\debug\vc140.pdb
d:\document\项目---测试项目\inducedpolarization\generatedfiles\ui_widget.h
d:\document\项目---测试项目\inducedpolarization\generatedfiles\qrc_inducedpolarization.cpp
d:\document\项目---测试项目\inducedpolarization\generatedfiles\debug\moc_inducedpolarization.cpp
d:\document\项目---测试项目\inducedpolarization\generatedfiles\debug\moc_globalparam.cpp
d:\document\项目---测试项目\inducedpolarization\generatedfiles\debug\moc_detectobserver.cpp
d:\document\项目---测试项目\inducedpolarization\generatedfiles\debug\moc_pickhandler.cpp
d:\document\项目---测试项目\inducedpolarization\generatedfiles\debug\moc_guieventhandler.cpp
d:\document\项目---测试项目\inducedpolarization\generatedfiles\debug\moc_datapreprocess.cpp
d:\document\项目---测试项目\inducedpolarization\generatedfiles\debug\moc_walkmanipulator.cpp
d:\document\项目---测试项目\inducedpolarization\generatedfiles\debug\moc_viewerwidget3d.cpp
d:\document\项目---测试项目\inducedpolarization\generatedfiles\debug\moc_viewerwidget2d.cpp
d:\document\项目---测试项目\inducedpolarization\generatedfiles\debug\moc_modelingsubdivision.cpp
d:\document\项目---测试项目\inducedpolarization\generatedfiles\ui_dialogbuttonbottom.h
d:\document\项目---测试项目\inducedpolarization\generatedfiles\ui_inducedpolarization.h
d:\document\项目---测试项目\win32\debug\inducedpolarization.ilk
d:\document\项目---测试项目\win32\debug\inducedpolarization.exe
d:\document\项目---测试项目\win32\debug\inducedpolarization.pdb
d:\document\项目---测试项目\inducedpolarization\.\generatedfiles\debug\moc_inducedpolarization.cpp
d:\document\项目---测试项目\inducedpolarization\.\generatedfiles\debug\moc_globalparam.cpp
d:\document\项目---测试项目\inducedpolarization\.\generatedfiles\debug\moc_detectobserver.cpp
d:\document\项目---测试项目\inducedpolarization\.\generatedfiles\debug\moc_pickhandler.cpp
d:\document\项目---测试项目\inducedpolarization\.\generatedfiles\debug\moc_guieventhandler.cpp
d:\document\项目---测试项目\inducedpolarization\.\generatedfiles\debug\moc_datapreprocess.cpp
d:\document\项目---测试项目\inducedpolarization\.\generatedfiles\debug\moc_walkmanipulator.cpp
d:\document\项目---测试项目\inducedpolarization\.\generatedfiles\debug\moc_viewerwidget3d.cpp
d:\document\项目---测试项目\inducedpolarization\.\generatedfiles\debug\moc_viewerwidget2d.cpp
d:\document\项目---测试项目\inducedpolarization\.\generatedfiles\debug\moc_modelingsubdivision.cpp
d:\document\项目---测试项目\inducedpolarization\debug\inducedpolarization.res
d:\document\项目---测试项目\inducedpolarization\.\generatedfiles\qrc_inducedpolarization.cpp
d:\document\项目---测试项目\inducedpolarization\.\generatedfiles\ui_inducedpolarization.h
d:\document\项目---测试项目\inducedpolarization\debug\inducedp.b12702ad.tlog\cl.command.1.tlog
d:\document\项目---测试项目\inducedpolarization\debug\inducedp.b12702ad.tlog\cl.read.1.tlog
d:\document\项目---测试项目\inducedpolarization\debug\inducedp.b12702ad.tlog\cl.write.1.tlog
d:\document\项目---测试项目\inducedpolarization\debug\inducedp.b12702ad.tlog\inducedpolarization.write.1u.tlog
d:\document\项目---测试项目\inducedpolarization\debug\inducedp.b12702ad.tlog\link.command.1.tlog
d:\document\项目---测试项目\inducedpolarization\debug\inducedp.b12702ad.tlog\link.read.1.tlog
d:\document\项目---测试项目\inducedpolarization\debug\inducedp.b12702ad.tlog\link.write.1.tlog
d:\document\项目---测试项目\inducedpolarization\debug\inducedp.b12702ad.tlog\moc.read.1u.tlog
d:\document\项目---测试项目\inducedpolarization\debug\inducedp.b12702ad.tlog\moc.write.1u.tlog
d:\document\项目---测试项目\inducedpolarization\debug\inducedp.b12702ad.tlog\rc.command.1.tlog
d:\document\项目---测试项目\inducedpolarization\debug\inducedp.b12702ad.tlog\rc.read.1.tlog
d:\document\项目---测试项目\inducedpolarization\debug\inducedp.b12702ad.tlog\rc.write.1.tlog
d:\document\项目---测试项目\inducedpolarization\debug\inducedp.b12702ad.tlog\rcc.read.1u.tlog
d:\document\项目---测试项目\inducedpolarization\debug\inducedp.b12702ad.tlog\rcc.write.1u.tlog
d:\document\项目---测试项目\inducedpolarization\debug\inducedp.b12702ad.tlog\uic.read.1u.tlog
d:\document\项目---测试项目\inducedpolarization\debug\inducedp.b12702ad.tlog\uic.write.1u.tlog
